[      10ms] [LOG] JQMIGRATE: Migrate is installed, version 3.4.1 @ https://stolenwatermedia.com/wp-includes/js/jquery/jquery-migrate.min.js?ver=3.4.1:1
[     860ms] [ERROR] Failed to load resource: the server responded with a status of 404 () @ https://stolenwatermedia.com/world-cup/null:0
[    1641ms] [ERROR] Failed to load resource: the server responded with a status of 404 () @ https://stolenwatermedia.com/world-cup/null:0
[   10976ms] [ERROR] Failed to load resource: the server responded with a status of 404 () @ https://stolenwatermedia.com/world-cup/null:0
[  745055ms] [LOG] JQMIGRATE: Migrate is installed, version 3.4.1 @ https://stolenwatermedia.com/wp-includes/js/jquery/jquery-migrate.min.js?ver=3.4.1:1
[  745807ms] [ERROR] Failed to load resource: the server responded with a status of 404 () @ https://stolenwatermedia.com/world-cup/null:0
[  750692ms] [ERROR] Failed to load resource: the server responded with a status of 404 () @ https://stolenwatermedia.com/world-cup/null:0
[228867156ms] [ERROR] Failed to load resource: the server responded with a status of 500 () @ https://stolenwatermedia.com/wp-json/swm-worldcup/v1/chat?limit=100&since=2026-06-14%2016%3A00%3A24:0
[228876511ms] [ERROR] Failed to load resource: the server responded with a status of 500 () @ https://stolenwatermedia.com/wp-json/swm-worldcup/v1/chat?limit=100&since=2026-06-14%2016%3A00%3A24:0
[228886499ms] [ERROR] Failed to load resource: the server responded with a status of 500 () @ https://stolenwatermedia.com/wp-json/swm-worldcup/v1/chat?limit=100&since=2026-06-14%2016%3A00%3A24:0
[228896499ms] [ERROR] Failed to load resource: the server responded with a status of 500 () @ https://stolenwatermedia.com/wp-json/swm-worldcup/v1/chat?limit=100&since=2026-06-14%2016%3A00%3A24:0
[228906671ms] [ERROR] Failed to load resource: the server responded with a status of 500 () @ https://stolenwatermedia.com/wp-json/swm-worldcup/v1/chat?limit=100&since=2026-06-14%2016%3A00%3A24:0
[228916497ms] [ERROR] Failed to load resource: the server responded with a status of 500 () @ https://stolenwatermedia.com/wp-json/swm-worldcup/v1/chat?limit=100&since=2026-06-14%2016%3A00%3A24:0
[228927231ms] [ERROR] Failed to load resource: the server responded with a status of 500 () @ https://stolenwatermedia.com/wp-json/swm-worldcup/v1/chat?limit=100&since=2026-06-14%2016%3A00%3A24:0
[228936511ms] [ERROR] Failed to load resource: the server responded with a status of 500 () @ https://stolenwatermedia.com/wp-json/swm-worldcup/v1/chat?limit=100&since=2026-06-14%2016%3A00%3A24:0
[228946501ms] [ERROR] Failed to load resource: the server responded with a status of 500 () @ https://stolenwatermedia.com/wp-json/swm-worldcup/v1/chat?limit=100&since=2026-06-14%2016%3A00%3A24:0
[228956518ms] [ERROR] Failed to load resource: the server responded with a status of 500 () @ https://stolenwatermedia.com/wp-json/swm-worldcup/v1/chat?limit=100&since=2026-06-14%2016%3A00%3A24:0
[228966516ms] [ERROR] Failed to load resource: the server responded with a status of 500 () @ https://stolenwatermedia.com/wp-json/swm-worldcup/v1/chat?limit=100&since=2026-06-14%2016%3A00%3A24:0
[228976499ms] [ERROR] Failed to load resource: the server responded with a status of 500 () @ https://stolenwatermedia.com/wp-json/swm-worldcup/v1/chat?limit=100&since=2026-06-14%2016%3A00%3A24:0
[228986487ms] [ERROR] Failed to load resource: the server responded with a status of 500 () @ https://stolenwatermedia.com/wp-json/swm-worldcup/v1/chat?limit=100&since=2026-06-14%2016%3A00%3A24:0
[228996492ms] [ERROR] Failed to load resource: the server responded with a status of 500 () @ https://stolenwatermedia.com/wp-json/swm-worldcup/v1/chat?limit=100&since=2026-06-14%2016%3A00%3A24:0
[229006525ms] [ERROR] Failed to load resource: the server responded with a status of 500 () @ https://stolenwatermedia.com/wp-json/swm-worldcup/v1/chat?limit=100&since=2026-06-14%2016%3A00%3A24:0
[229016506ms] [ERROR] Failed to load resource: the server responded with a status of 500 () @ https://stolenwatermedia.com/wp-json/swm-worldcup/v1/chat?limit=100&since=2026-06-14%2016%3A00%3A24:0
[229026479ms] [ERROR] Failed to load resource: the server responded with a status of 500 () @ https://stolenwatermedia.com/wp-json/swm-worldcup/v1/chat?limit=100&since=2026-06-14%2016%3A00%3A24:0
[229036510ms] [ERROR] Failed to load resource: the server responded with a status of 500 () @ https://stolenwatermedia.com/wp-json/swm-worldcup/v1/chat?limit=100&since=2026-06-14%2016%3A00%3A24:0
[229046460ms] [ERROR] Failed to load resource: the server responded with a status of 500 () @ https://stolenwatermedia.com/wp-json/swm-worldcup/v1/chat?limit=100&since=2026-06-14%2016%3A00%3A24:0
[229057330ms] [ERROR] Failed to load resource: the server responded with a status of 500 () @ https://stolenwatermedia.com/wp-json/swm-worldcup/v1/chat?limit=100&since=2026-06-14%2016%3A00%3A24:0
[229066488ms] [ERROR] Failed to load resource: the server responded with a status of 500 () @ https://stolenwatermedia.com/wp-json/swm-worldcup/v1/chat?limit=100&since=2026-06-14%2016%3A00%3A24:0
[229076505ms] [ERROR] Failed to load resource: the server responded with a status of 500 () @ https://stolenwatermedia.com/wp-json/swm-worldcup/v1/chat?limit=100&since=2026-06-14%2016%3A00%3A24:0
[229086461ms] [ERROR] Failed to load resource: the server responded with a status of 500 () @ https://stolenwatermedia.com/wp-json/swm-worldcup/v1/chat?limit=100&since=2026-06-14%2016%3A00%3A24:0
[229097517ms] [ERROR] Failed to load resource: the server responded with a status of 500 () @ https://stolenwatermedia.com/wp-json/swm-worldcup/v1/chat?limit=100&since=2026-06-14%2016%3A00%3A24:0
[229107143ms] [ERROR] Failed to load resource: the server responded with a status of 500 () @ https://stolenwatermedia.com/wp-json/swm-worldcup/v1/chat?limit=100&since=2026-06-14%2016%3A00%3A24:0
[229116714ms] [ERROR] Failed to load resource: the server responded with a status of 500 () @ https://stolenwatermedia.com/wp-json/swm-worldcup/v1/chat?limit=100&since=2026-06-14%2016%3A00%3A24:0
[229126814ms] [ERROR] Failed to load resource: the server responded with a status of 500 () @ https://stolenwatermedia.com/wp-json/swm-worldcup/v1/chat?limit=100&since=2026-06-14%2016%3A00%3A24:0
[229136672ms] [ERROR] Failed to load resource: the server responded with a status of 500 () @ https://stolenwatermedia.com/wp-json/swm-worldcup/v1/chat?limit=100&since=2026-06-14%2016%3A00%3A24:0
[229146513ms] [ERROR] Failed to load resource: the server responded with a status of 500 () @ https://stolenwatermedia.com/wp-json/swm-worldcup/v1/chat?limit=100&since=2026-06-14%2016%3A00%3A24:0
[229156519ms] [ERROR] Failed to load resource: the server responded with a status of 500 () @ https://stolenwatermedia.com/wp-json/swm-worldcup/v1/chat?limit=100&since=2026-06-14%2016%3A00%3A24:0
[229166615ms] [ERROR] Failed to load resource: the server responded with a status of 500 () @ https://stolenwatermedia.com/wp-json/swm-worldcup/v1/chat?limit=100&since=2026-06-14%2016%3A00%3A24:0
[229176535ms] [ERROR] Failed to load resource: the server responded with a status of 500 () @ https://stolenwatermedia.com/wp-json/swm-worldcup/v1/chat?limit=100&since=2026-06-14%2016%3A00%3A24:0
[229186493ms] [ERROR] Failed to load resource: the server responded with a status of 500 () @ https://stolenwatermedia.com/wp-json/swm-worldcup/v1/chat?limit=100&since=2026-06-14%2016%3A00%3A24:0
[229196497ms] [ERROR] Failed to load resource: the server responded with a status of 500 () @ https://stolenwatermedia.com/wp-json/swm-worldcup/v1/chat?limit=100&since=2026-06-14%2016%3A00%3A24:0
[229206479ms] [ERROR] Failed to load resource: the server responded with a status of 500 () @ https://stolenwatermedia.com/wp-json/swm-worldcup/v1/chat?limit=100&since=2026-06-14%2016%3A00%3A24:0
[229216488ms] [ERROR] Failed to load resource: the server responded with a status of 500 () @ https://stolenwatermedia.com/wp-json/swm-worldcup/v1/chat?limit=100&since=2026-06-14%2016%3A00%3A24:0
[229226500ms] [ERROR] Failed to load resource: the server responded with a status of 500 () @ https://stolenwatermedia.com/wp-json/swm-worldcup/v1/chat?limit=100&since=2026-06-14%2016%3A00%3A24:0
[229236489ms] [ERROR] Failed to load resource: the server responded with a status of 500 () @ https://stolenwatermedia.com/wp-json/swm-worldcup/v1/chat?limit=100&since=2026-06-14%2016%3A00%3A24:0
[229246578ms] [ERROR] Failed to load resource: the server responded with a status of 500 () @ https://stolenwatermedia.com/wp-json/swm-worldcup/v1/chat?limit=100&since=2026-06-14%2016%3A00%3A24:0
[229256473ms] [ERROR] Failed to load resource: the server responded with a status of 500 () @ https://stolenwatermedia.com/wp-json/swm-worldcup/v1/chat?limit=100&since=2026-06-14%2016%3A00%3A24:0
[229266473ms] [ERROR] Failed to load resource: the server responded with a status of 500 () @ https://stolenwatermedia.com/wp-json/swm-worldcup/v1/chat?limit=100&since=2026-06-14%2016%3A00%3A24:0
[229276493ms] [ERROR] Failed to load resource: the server responded with a status of 500 () @ https://stolenwatermedia.com/wp-json/swm-worldcup/v1/chat?limit=100&since=2026-06-14%2016%3A00%3A24:0
[229286562ms] [ERROR] Failed to load resource: the server responded with a status of 500 () @ https://stolenwatermedia.com/wp-json/swm-worldcup/v1/chat?limit=100&since=2026-06-14%2016%3A00%3A24:0
[229296475ms] [ERROR] Failed to load resource: the server responded with a status of 500 () @ https://stolenwatermedia.com/wp-json/swm-worldcup/v1/chat?limit=100&since=2026-06-14%2016%3A00%3A24:0
[229306461ms] [ERROR] Failed to load resource: the server responded with a status of 500 () @ https://stolenwatermedia.com/wp-json/swm-worldcup/v1/chat?limit=100&since=2026-06-14%2016%3A00%3A24:0
[229316469ms] [ERROR] Failed to load resource: the server responded with a status of 500 () @ https://stolenwatermedia.com/wp-json/swm-worldcup/v1/chat?limit=100&since=2026-06-14%2016%3A00%3A24:0
[229326463ms] [ERROR] Failed to load resource: the server responded with a status of 500 () @ https://stolenwatermedia.com/wp-json/swm-worldcup/v1/chat?limit=100&since=2026-06-14%2016%3A00%3A24:0
[229336485ms] [ERROR] Failed to load resource: the server responded with a status of 500 () @ https://stolenwatermedia.com/wp-json/swm-worldcup/v1/chat?limit=100&since=2026-06-14%2016%3A00%3A24:0
[229346478ms] [ERROR] Failed to load resource: the server responded with a status of 500 () @ https://stolenwatermedia.com/wp-json/swm-worldcup/v1/chat?limit=100&since=2026-06-14%2016%3A00%3A24:0
[229356457ms] [ERROR] Failed to load resource: the server responded with a status of 500 () @ https://stolenwatermedia.com/wp-json/swm-worldcup/v1/chat?limit=100&since=2026-06-14%2016%3A00%3A24:0
[229366486ms] [ERROR] Failed to load resource: the server responded with a status of 500 () @ https://stolenwatermedia.com/wp-json/swm-worldcup/v1/chat?limit=100&since=2026-06-14%2016%3A00%3A24:0
[229376687ms] [ERROR] Failed to load resource: the server responded with a status of 500 () @ https://stolenwatermedia.com/wp-json/swm-worldcup/v1/chat?limit=100&since=2026-06-14%2016%3A00%3A24:0
[229386471ms] [ERROR] Failed to load resource: the server responded with a status of 500 () @ https://stolenwatermedia.com/wp-json/swm-worldcup/v1/chat?limit=100&since=2026-06-14%2016%3A00%3A24:0
[229397044ms] [ERROR] Failed to load resource: the server responded with a status of 500 () @ https://stolenwatermedia.com/wp-json/swm-worldcup/v1/chat?limit=100&since=2026-06-14%2016%3A00%3A24:0
[229406471ms] [ERROR] Failed to load resource: the server responded with a status of 500 () @ https://stolenwatermedia.com/wp-json/swm-worldcup/v1/chat?limit=100&since=2026-06-14%2016%3A00%3A24:0
[229416458ms] [ERROR] Failed to load resource: the server responded with a status of 500 () @ https://stolenwatermedia.com/wp-json/swm-worldcup/v1/chat?limit=100&since=2026-06-14%2016%3A00%3A24:0
[229426477ms] [ERROR] Failed to load resource: the server responded with a status of 500 () @ https://stolenwatermedia.com/wp-json/swm-worldcup/v1/chat?limit=100&since=2026-06-14%2016%3A00%3A24:0
[229436458ms] [ERROR] Failed to load resource: the server responded with a status of 500 () @ https://stolenwatermedia.com/wp-json/swm-worldcup/v1/chat?limit=100&since=2026-06-14%2016%3A00%3A24:0
[229446447ms] [ERROR] Failed to load resource: the server responded with a status of 500 () @ https://stolenwatermedia.com/wp-json/swm-worldcup/v1/chat?limit=100&since=2026-06-14%2016%3A00%3A24:0
[229456482ms] [ERROR] Failed to load resource: the server responded with a status of 500 () @ https://stolenwatermedia.com/wp-json/swm-worldcup/v1/chat?limit=100&since=2026-06-14%2016%3A00%3A24:0
[229466458ms] [ERROR] Failed to load resource: the server responded with a status of 500 () @ https://stolenwatermedia.com/wp-json/swm-worldcup/v1/chat?limit=100&since=2026-06-14%2016%3A00%3A24:0
[229476457ms] [ERROR] Failed to load resource: the server responded with a status of 500 () @ https://stolenwatermedia.com/wp-json/swm-worldcup/v1/chat?limit=100&since=2026-06-14%2016%3A00%3A24:0
[229486457ms] [ERROR] Failed to load resource: the server responded with a status of 500 () @ https://stolenwatermedia.com/wp-json/swm-worldcup/v1/chat?limit=100&since=2026-06-14%2016%3A00%3A24:0
[229496449ms] [ERROR] Failed to load resource: the server responded with a status of 500 () @ https://stolenwatermedia.com/wp-json/swm-worldcup/v1/chat?limit=100&since=2026-06-14%2016%3A00%3A24:0
[229506453ms] [ERROR] Failed to load resource: the server responded with a status of 500 () @ https://stolenwatermedia.com/wp-json/swm-worldcup/v1/chat?limit=100&since=2026-06-14%2016%3A00%3A24:0
[229516461ms] [ERROR] Failed to load resource: the server responded with a status of 500 () @ https://stolenwatermedia.com/wp-json/swm-worldcup/v1/chat?limit=100&since=2026-06-14%2016%3A00%3A24:0
[229526466ms] [ERROR] Failed to load resource: the server responded with a status of 500 () @ https://stolenwatermedia.com/wp-json/swm-worldcup/v1/chat?limit=100&since=2026-06-14%2016%3A00%3A24:0
[229536471ms] [ERROR] Failed to load resource: the server responded with a status of 500 () @ https://stolenwatermedia.com/wp-json/swm-worldcup/v1/chat?limit=100&since=2026-06-14%2016%3A00%3A24:0
[229546443ms] [ERROR] Failed to load resource: the server responded with a status of 500 () @ https://stolenwatermedia.com/wp-json/swm-worldcup/v1/chat?limit=100&since=2026-06-14%2016%3A00%3A24:0
[229556443ms] [ERROR] Failed to load resource: the server responded with a status of 500 () @ https://stolenwatermedia.com/wp-json/swm-worldcup/v1/chat?limit=100&since=2026-06-14%2016%3A00%3A24:0
[229566454ms] [ERROR] Failed to load resource: the server responded with a status of 500 () @ https://stolenwatermedia.com/wp-json/swm-worldcup/v1/chat?limit=100&since=2026-06-14%2016%3A00%3A24:0
[229576456ms] [ERROR] Failed to load resource: the server responded with a status of 500 () @ https://stolenwatermedia.com/wp-json/swm-worldcup/v1/chat?limit=100&since=2026-06-14%2016%3A00%3A24:0
[229586461ms] [ERROR] Failed to load resource: the server responded with a status of 500 () @ https://stolenwatermedia.com/wp-json/swm-worldcup/v1/chat?limit=100&since=2026-06-14%2016%3A00%3A24:0
[229596456ms] [ERROR] Failed to load resource: the server responded with a status of 500 () @ https://stolenwatermedia.com/wp-json/swm-worldcup/v1/chat?limit=100&since=2026-06-14%2016%3A00%3A24:0
[229606451ms] [ERROR] Failed to load resource: the server responded with a status of 500 () @ https://stolenwatermedia.com/wp-json/swm-worldcup/v1/chat?limit=100&since=2026-06-14%2016%3A00%3A24:0
[229616453ms] [ERROR] Failed to load resource: the server responded with a status of 500 () @ https://stolenwatermedia.com/wp-json/swm-worldcup/v1/chat?limit=100&since=2026-06-14%2016%3A00%3A24:0
[229626471ms] [ERROR] Failed to load resource: the server responded with a status of 500 () @ https://stolenwatermedia.com/wp-json/swm-worldcup/v1/chat?limit=100&since=2026-06-14%2016%3A00%3A24:0
[229636683ms] [ERROR] Failed to load resource: the server responded with a status of 500 () @ https://stolenwatermedia.com/wp-json/swm-worldcup/v1/chat?limit=100&since=2026-06-14%2016%3A00%3A24:0
[229646446ms] [ERROR] Failed to load resource: the server responded with a status of 500 () @ https://stolenwatermedia.com/wp-json/swm-worldcup/v1/chat?limit=100&since=2026-06-14%2016%3A00%3A24:0
[229656444ms] [ERROR] Failed to load resource: the server responded with a status of 500 () @ https://stolenwatermedia.com/wp-json/swm-worldcup/v1/chat?limit=100&since=2026-06-14%2016%3A00%3A24:0
[229666447ms] [ERROR] Failed to load resource: the server responded with a status of 500 () @ https://stolenwatermedia.com/wp-json/swm-worldcup/v1/chat?limit=100&since=2026-06-14%2016%3A00%3A24:0
[229676449ms] [ERROR] Failed to load resource: the server responded with a status of 500 () @ https://stolenwatermedia.com/wp-json/swm-worldcup/v1/chat?limit=100&since=2026-06-14%2016%3A00%3A24:0
[229687026ms] [ERROR] Failed to load resource: the server responded with a status of 500 () @ https://stolenwatermedia.com/wp-json/swm-worldcup/v1/chat?limit=100&since=2026-06-14%2016%3A00%3A24:0
[229696929ms] [ERROR] Failed to load resource: the server responded with a status of 500 () @ https://stolenwatermedia.com/wp-json/swm-worldcup/v1/chat?limit=100&since=2026-06-14%2016%3A00%3A24:0
[229706560ms] [ERROR] Failed to load resource: the server responded with a status of 500 () @ https://stolenwatermedia.com/wp-json/swm-worldcup/v1/chat?limit=100&since=2026-06-14%2016%3A00%3A24:0
[229716509ms] [ERROR] Failed to load resource: the server responded with a status of 500 () @ https://stolenwatermedia.com/wp-json/swm-worldcup/v1/chat?limit=100&since=2026-06-14%2016%3A00%3A24:0
[229726459ms] [ERROR] Failed to load resource: the server responded with a status of 500 () @ https://stolenwatermedia.com/wp-json/swm-worldcup/v1/chat?limit=100&since=2026-06-14%2016%3A00%3A24:0
[229736461ms] [ERROR] Failed to load resource: the server responded with a status of 500 () @ https://stolenwatermedia.com/wp-json/swm-worldcup/v1/chat?limit=100&since=2026-06-14%2016%3A00%3A24:0
[229746448ms] [ERROR] Failed to load resource: the server responded with a status of 500 () @ https://stolenwatermedia.com/wp-json/swm-worldcup/v1/chat?limit=100&since=2026-06-14%2016%3A00%3A24:0
[229756467ms] [ERROR] Failed to load resource: the server responded with a status of 500 () @ https://stolenwatermedia.com/wp-json/swm-worldcup/v1/chat?limit=100&since=2026-06-14%2016%3A00%3A24:0
[229766468ms] [ERROR] Failed to load resource: the server responded with a status of 500 () @ https://stolenwatermedia.com/wp-json/swm-worldcup/v1/chat?limit=100&since=2026-06-14%2016%3A00%3A24:0
[229776443ms] [ERROR] Failed to load resource: the server responded with a status of 500 () @ https://stolenwatermedia.com/wp-json/swm-worldcup/v1/chat?limit=100&since=2026-06-14%2016%3A00%3A24:0
[229786474ms] [ERROR] Failed to load resource: the server responded with a status of 500 () @ https://stolenwatermedia.com/wp-json/swm-worldcup/v1/chat?limit=100&since=2026-06-14%2016%3A00%3A24:0
[229796438ms] [ERROR] Failed to load resource: the server responded with a status of 500 () @ https://stolenwatermedia.com/wp-json/swm-worldcup/v1/chat?limit=100&since=2026-06-14%2016%3A00%3A24:0
[229806460ms] [ERROR] Failed to load resource: the server responded with a status of 500 () @ https://stolenwatermedia.com/wp-json/swm-worldcup/v1/chat?limit=100&since=2026-06-14%2016%3A00%3A24:0
[229817194ms] [ERROR] Failed to load resource: the server responded with a status of 500 () @ https://stolenwatermedia.com/wp-json/swm-worldcup/v1/chat?limit=100&since=2026-06-14%2016%3A00%3A24:0
[229826465ms] [ERROR] Failed to load resource: the server responded with a status of 500 () @ https://stolenwatermedia.com/wp-json/swm-worldcup/v1/chat?limit=100&since=2026-06-14%2016%3A00%3A24:0
[229836453ms] [ERROR] Failed to load resource: the server responded with a status of 500 () @ https://stolenwatermedia.com/wp-json/swm-worldcup/v1/chat?limit=100&since=2026-06-14%2016%3A00%3A24:0
[229846459ms] [ERROR] Failed to load resource: the server responded with a status of 500 () @ https://stolenwatermedia.com/wp-json/swm-worldcup/v1/chat?limit=100&since=2026-06-14%2016%3A00%3A24:0
[229856460ms] [ERROR] Failed to load resource: the server responded with a status of 500 () @ https://stolenwatermedia.com/wp-json/swm-worldcup/v1/chat?limit=100&since=2026-06-14%2016%3A00%3A24:0
[229866449ms] [ERROR] Failed to load resource: the server responded with a status of 500 () @ https://stolenwatermedia.com/wp-json/swm-worldcup/v1/chat?limit=100&since=2026-06-14%2016%3A00%3A24:0
[229877274ms] [ERROR] Failed to load resource: the server responded with a status of 500 () @ https://stolenwatermedia.com/wp-json/swm-worldcup/v1/chat?limit=100&since=2026-06-14%2016%3A00%3A24:0
[229886460ms] [ERROR] Failed to load resource: the server responded with a status of 500 () @ https://stolenwatermedia.com/wp-json/swm-worldcup/v1/chat?limit=100&since=2026-06-14%2016%3A00%3A24:0
[229896438ms] [ERROR] Failed to load resource: the server responded with a status of 500 () @ https://stolenwatermedia.com/wp-json/swm-worldcup/v1/chat?limit=100&since=2026-06-14%2016%3A00%3A24:0
[229906450ms] [ERROR] Failed to load resource: the server responded with a status of 500 () @ https://stolenwatermedia.com/wp-json/swm-worldcup/v1/chat?limit=100&since=2026-06-14%2016%3A00%3A24:0
[229916456ms] [ERROR] Failed to load resource: the server responded with a status of 500 () @ https://stolenwatermedia.com/wp-json/swm-worldcup/v1/chat?limit=100&since=2026-06-14%2016%3A00%3A24:0
[229926445ms] [ERROR] Failed to load resource: the server responded with a status of 500 () @ https://stolenwatermedia.com/wp-json/swm-worldcup/v1/chat?limit=100&since=2026-06-14%2016%3A00%3A24:0
[229936454ms] [ERROR] Failed to load resource: the server responded with a status of 500 () @ https://stolenwatermedia.com/wp-json/swm-worldcup/v1/chat?limit=100&since=2026-06-14%2016%3A00%3A24:0
[229947336ms] [ERROR] Failed to load resource: the server responded with a status of 500 () @ https://stolenwatermedia.com/wp-json/swm-worldcup/v1/chat?limit=100&since=2026-06-14%2016%3A00%3A24:0
[229956446ms] [ERROR] Failed to load resource: the server responded with a status of 500 () @ https://stolenwatermedia.com/wp-json/swm-worldcup/v1/chat?limit=100&since=2026-06-14%2016%3A00%3A24:0
[229966459ms] [ERROR] Failed to load resource: the server responded with a status of 500 () @ https://stolenwatermedia.com/wp-json/swm-worldcup/v1/chat?limit=100&since=2026-06-14%2016%3A00%3A24:0
[229976466ms] [ERROR] Failed to load resource: the server responded with a status of 500 () @ https://stolenwatermedia.com/wp-json/swm-worldcup/v1/chat?limit=100&since=2026-06-14%2016%3A00%3A24:0
[229986465ms] [ERROR] Failed to load resource: the server responded with a status of 500 () @ https://stolenwatermedia.com/wp-json/swm-worldcup/v1/chat?limit=100&since=2026-06-14%2016%3A00%3A24:0
[229996704ms] [ERROR] Failed to load resource: the server responded with a status of 500 () @ https://stolenwatermedia.com/wp-json/swm-worldcup/v1/chat?limit=100&since=2026-06-14%2016%3A00%3A24:0
[230007409ms] [ERROR] Failed to load resource: the server responded with a status of 500 () @ https://stolenwatermedia.com/wp-json/swm-worldcup/v1/chat?limit=100&since=2026-06-14%2016%3A00%3A24:0
[230016462ms] [ERROR] Failed to load resource: the server responded with a status of 500 () @ https://stolenwatermedia.com/wp-json/swm-worldcup/v1/chat?limit=100&since=2026-06-14%2016%3A00%3A24:0
[230026467ms] [ERROR] Failed to load resource: the server responded with a status of 500 () @ https://stolenwatermedia.com/wp-json/swm-worldcup/v1/chat?limit=100&since=2026-06-14%2016%3A00%3A24:0
[230036461ms] [ERROR] Failed to load resource: the server responded with a status of 500 () @ https://stolenwatermedia.com/wp-json/swm-worldcup/v1/chat?limit=100&since=2026-06-14%2016%3A00%3A24:0
[230046456ms] [ERROR] Failed to load resource: the server responded with a status of 500 () @ https://stolenwatermedia.com/wp-json/swm-worldcup/v1/chat?limit=100&since=2026-06-14%2016%3A00%3A24:0
[230056440ms] [ERROR] Failed to load resource: the server responded with a status of 500 () @ https://stolenwatermedia.com/wp-json/swm-worldcup/v1/chat?limit=100&since=2026-06-14%2016%3A00%3A24:0
[230066484ms] [ERROR] Failed to load resource: the server responded with a status of 500 () @ https://stolenwatermedia.com/wp-json/swm-worldcup/v1/chat?limit=100&since=2026-06-14%2016%3A00%3A24:0
[230076447ms] [ERROR] Failed to load resource: the server responded with a status of 500 () @ https://stolenwatermedia.com/wp-json/swm-worldcup/v1/chat?limit=100&since=2026-06-14%2016%3A00%3A24:0
[230086541ms] [ERROR] Failed to load resource: the server responded with a status of 500 () @ https://stolenwatermedia.com/wp-json/swm-worldcup/v1/chat?limit=100&since=2026-06-14%2016%3A00%3A24:0
[230096550ms] [ERROR] Failed to load resource: the server responded with a status of 500 () @ https://stolenwatermedia.com/wp-json/swm-worldcup/v1/chat?limit=100&since=2026-06-14%2016%3A00%3A24:0
[230106542ms] [ERROR] Failed to load resource: the server responded with a status of 500 () @ https://stolenwatermedia.com/wp-json/swm-worldcup/v1/chat?limit=100&since=2026-06-14%2016%3A00%3A24:0
[230116554ms] [ERROR] Failed to load resource: the server responded with a status of 500 () @ https://stolenwatermedia.com/wp-json/swm-worldcup/v1/chat?limit=100&since=2026-06-14%2016%3A00%3A24:0
[230126611ms] [ERROR] Failed to load resource: the server responded with a status of 500 () @ https://stolenwatermedia.com/wp-json/swm-worldcup/v1/chat?limit=100&since=2026-06-14%2016%3A00%3A24:0
[230136550ms] [ERROR] Failed to load resource: the server responded with a status of 500 () @ https://stolenwatermedia.com/wp-json/swm-worldcup/v1/chat?limit=100&since=2026-06-14%2016%3A00%3A24:0
[230146544ms] [ERROR] Failed to load resource: the server responded with a status of 500 () @ https://stolenwatermedia.com/wp-json/swm-worldcup/v1/chat?limit=100&since=2026-06-14%2016%3A00%3A24:0
[230156542ms] [ERROR] Failed to load resource: the server responded with a status of 500 () @ https://stolenwatermedia.com/wp-json/swm-worldcup/v1/chat?limit=100&since=2026-06-14%2016%3A00%3A24:0
[230166546ms] [ERROR] Failed to load resource: the server responded with a status of 500 () @ https://stolenwatermedia.com/wp-json/swm-worldcup/v1/chat?limit=100&since=2026-06-14%2016%3A00%3A24:0
[230176562ms] [ERROR] Failed to load resource: the server responded with a status of 500 () @ https://stolenwatermedia.com/wp-json/swm-worldcup/v1/chat?limit=100&since=2026-06-14%2016%3A00%3A24:0
[230186554ms] [ERROR] Failed to load resource: the server responded with a status of 500 () @ https://stolenwatermedia.com/wp-json/swm-worldcup/v1/chat?limit=100&since=2026-06-14%2016%3A00%3A24:0
[230196550ms] [ERROR] Failed to load resource: the server responded with a status of 500 () @ https://stolenwatermedia.com/wp-json/swm-worldcup/v1/chat?limit=100&since=2026-06-14%2016%3A00%3A24:0
[230206572ms] [ERROR] Failed to load resource: the server responded with a status of 500 () @ https://stolenwatermedia.com/wp-json/swm-worldcup/v1/chat?limit=100&since=2026-06-14%2016%3A00%3A24:0
[230216549ms] [ERROR] Failed to load resource: the server responded with a status of 500 () @ https://stolenwatermedia.com/wp-json/swm-worldcup/v1/chat?limit=100&since=2026-06-14%2016%3A00%3A24:0
[230226545ms] [ERROR] Failed to load resource: the server responded with a status of 500 () @ https://stolenwatermedia.com/wp-json/swm-worldcup/v1/chat?limit=100&since=2026-06-14%2016%3A00%3A24:0
[230236794ms] [ERROR] Failed to load resource: the server responded with a status of 500 () @ https://stolenwatermedia.com/wp-json/swm-worldcup/v1/chat?limit=100&since=2026-06-14%2016%3A00%3A24:0
[230246556ms] [ERROR] Failed to load resource: the server responded with a status of 500 () @ https://stolenwatermedia.com/wp-json/swm-worldcup/v1/chat?limit=100&since=2026-06-14%2016%3A00%3A24:0
[230256533ms] [ERROR] Failed to load resource: the server responded with a status of 500 () @ https://stolenwatermedia.com/wp-json/swm-worldcup/v1/chat?limit=100&since=2026-06-14%2016%3A00%3A24:0
[230266545ms] [ERROR] Failed to load resource: the server responded with a status of 500 () @ https://stolenwatermedia.com/wp-json/swm-worldcup/v1/chat?limit=100&since=2026-06-14%2016%3A00%3A24:0
[230276548ms] [ERROR] Failed to load resource: the server responded with a status of 500 () @ https://stolenwatermedia.com/wp-json/swm-worldcup/v1/chat?limit=100&since=2026-06-14%2016%3A00%3A24:0
[230286554ms] [ERROR] Failed to load resource: the server responded with a status of 500 () @ https://stolenwatermedia.com/wp-json/swm-worldcup/v1/chat?limit=100&since=2026-06-14%2016%3A00%3A24:0
[230296650ms] [ERROR] Failed to load resource: the server responded with a status of 500 () @ https://stolenwatermedia.com/wp-json/swm-worldcup/v1/chat?limit=100&since=2026-06-14%2016%3A00%3A24:0
[230306608ms] [ERROR] Failed to load resource: the server responded with a status of 500 () @ https://stolenwatermedia.com/wp-json/swm-worldcup/v1/chat?limit=100&since=2026-06-14%2016%3A00%3A24:0
[230316561ms] [ERROR] Failed to load resource: the server responded with a status of 500 () @ https://stolenwatermedia.com/wp-json/swm-worldcup/v1/chat?limit=100&since=2026-06-14%2016%3A00%3A24:0
[230326555ms] [ERROR] Failed to load resource: the server responded with a status of 500 () @ https://stolenwatermedia.com/wp-json/swm-worldcup/v1/chat?limit=100&since=2026-06-14%2016%3A00%3A24:0
[230336593ms] [ERROR] Failed to load resource: the server responded with a status of 500 () @ https://stolenwatermedia.com/wp-json/swm-worldcup/v1/chat?limit=100&since=2026-06-14%2016%3A00%3A24:0
[230346573ms] [ERROR] Failed to load resource: the server responded with a status of 500 () @ https://stolenwatermedia.com/wp-json/swm-worldcup/v1/chat?limit=100&since=2026-06-14%2016%3A00%3A24:0
[230356541ms] [ERROR] Failed to load resource: the server responded with a status of 500 () @ https://stolenwatermedia.com/wp-json/swm-worldcup/v1/chat?limit=100&since=2026-06-14%2016%3A00%3A24:0
[230366532ms] [ERROR] Failed to load resource: the server responded with a status of 500 () @ https://stolenwatermedia.com/wp-json/swm-worldcup/v1/chat?limit=100&since=2026-06-14%2016%3A00%3A24:0
[230376871ms] [ERROR] Failed to load resource: the server responded with a status of 500 () @ https://stolenwatermedia.com/wp-json/swm-worldcup/v1/chat?limit=100&since=2026-06-14%2016%3A00%3A24:0
[230386547ms] [ERROR] Failed to load resource: the server responded with a status of 500 () @ https://stolenwatermedia.com/wp-json/swm-worldcup/v1/chat?limit=100&since=2026-06-14%2016%3A00%3A24:0
[230396549ms] [ERROR] Failed to load resource: the server responded with a status of 500 () @ https://stolenwatermedia.com/wp-json/swm-worldcup/v1/chat?limit=100&since=2026-06-14%2016%3A00%3A24:0
[230406547ms] [ERROR] Failed to load resource: the server responded with a status of 500 () @ https://stolenwatermedia.com/wp-json/swm-worldcup/v1/chat?limit=100&since=2026-06-14%2016%3A00%3A24:0
[230416535ms] [ERROR] Failed to load resource: the server responded with a status of 500 () @ https://stolenwatermedia.com/wp-json/swm-worldcup/v1/chat?limit=100&since=2026-06-14%2016%3A00%3A24:0
[230426559ms] [ERROR] Failed to load resource: the server responded with a status of 500 () @ https://stolenwatermedia.com/wp-json/swm-worldcup/v1/chat?limit=100&since=2026-06-14%2016%3A00%3A24:0
[230436535ms] [ERROR] Failed to load resource: the server responded with a status of 500 () @ https://stolenwatermedia.com/wp-json/swm-worldcup/v1/chat?limit=100&since=2026-06-14%2016%3A00%3A24:0
[230446943ms] [ERROR] Failed to load resource: the server responded with a status of 500 () @ https://stolenwatermedia.com/wp-json/swm-worldcup/v1/chat?limit=100&since=2026-06-14%2016%3A00%3A24:0
[230456548ms] [ERROR] Failed to load resource: the server responded with a status of 500 () @ https://stolenwatermedia.com/wp-json/swm-worldcup/v1/chat?limit=100&since=2026-06-14%2016%3A00%3A24:0
[230466548ms] [ERROR] Failed to load resource: the server responded with a status of 500 () @ https://stolenwatermedia.com/wp-json/swm-worldcup/v1/chat?limit=100&since=2026-06-14%2016%3A00%3A24:0
[230476551ms] [ERROR] Failed to load resource: the server responded with a status of 500 () @ https://stolenwatermedia.com/wp-json/swm-worldcup/v1/chat?limit=100&since=2026-06-14%2016%3A00%3A24:0
[230486571ms] [ERROR] Failed to load resource: the server responded with a status of 500 () @ https://stolenwatermedia.com/wp-json/swm-worldcup/v1/chat?limit=100&since=2026-06-14%2016%3A00%3A24:0
[230496567ms] [ERROR] Failed to load resource: the server responded with a status of 500 () @ https://stolenwatermedia.com/wp-json/swm-worldcup/v1/chat?limit=100&since=2026-06-14%2016%3A00%3A24:0
[230507017ms] [ERROR] Failed to load resource: the server responded with a status of 500 () @ https://stolenwatermedia.com/wp-json/swm-worldcup/v1/chat?limit=100&since=2026-06-14%2016%3A00%3A24:0
[230516577ms] [ERROR] Failed to load resource: the server responded with a status of 500 () @ https://stolenwatermedia.com/wp-json/swm-worldcup/v1/chat?limit=100&since=2026-06-14%2016%3A00%3A24:0
[230526555ms] [ERROR] Failed to load resource: the server responded with a status of 500 () @ https://stolenwatermedia.com/wp-json/swm-worldcup/v1/chat?limit=100&since=2026-06-14%2016%3A00%3A24:0
[230536550ms] [ERROR] Failed to load resource: the server responded with a status of 500 () @ https://stolenwatermedia.com/wp-json/swm-worldcup/v1/chat?limit=100&since=2026-06-14%2016%3A00%3A24:0
[230546630ms] [ERROR] Failed to load resource: the server responded with a status of 500 () @ https://stolenwatermedia.com/wp-json/swm-worldcup/v1/chat?limit=100&since=2026-06-14%2016%3A00%3A24:0
[230556610ms] [ERROR] Failed to load resource: the server responded with a status of 500 () @ https://stolenwatermedia.com/wp-json/swm-worldcup/v1/chat?limit=100&since=2026-06-14%2016%3A00%3A24:0
[230566550ms] [ERROR] Failed to load resource: the server responded with a status of 500 () @ https://stolenwatermedia.com/wp-json/swm-worldcup/v1/chat?limit=100&since=2026-06-14%2016%3A00%3A24:0
[230577084ms] [ERROR] Failed to load resource: the server responded with a status of 500 () @ https://stolenwatermedia.com/wp-json/swm-worldcup/v1/chat?limit=100&since=2026-06-14%2016%3A00%3A24:0
[230586590ms] [ERROR] Failed to load resource: the server responded with a status of 500 () @ https://stolenwatermedia.com/wp-json/swm-worldcup/v1/chat?limit=100&since=2026-06-14%2016%3A00%3A24:0
[230596929ms] [ERROR] Failed to load resource: the server responded with a status of 500 () @ https://stolenwatermedia.com/wp-json/swm-worldcup/v1/chat?limit=100&since=2026-06-14%2016%3A00%3A24:0
[230606547ms] [ERROR] Failed to load resource: the server responded with a status of 500 () @ https://stolenwatermedia.com/wp-json/swm-worldcup/v1/chat?limit=100&since=2026-06-14%2016%3A00%3A24:0
[230616538ms] [ERROR] Failed to load resource: the server responded with a status of 500 () @ https://stolenwatermedia.com/wp-json/swm-worldcup/v1/chat?limit=100&since=2026-06-14%2016%3A00%3A24:0
[230626546ms] [ERROR] Failed to load resource: the server responded with a status of 500 () @ https://stolenwatermedia.com/wp-json/swm-worldcup/v1/chat?limit=100&since=2026-06-14%2016%3A00%3A24:0
[230636543ms] [ERROR] Failed to load resource: the server responded with a status of 500 () @ https://stolenwatermedia.com/wp-json/swm-worldcup/v1/chat?limit=100&since=2026-06-14%2016%3A00%3A24:0
[230646535ms] [ERROR] Failed to load resource: the server responded with a status of 500 () @ https://stolenwatermedia.com/wp-json/swm-worldcup/v1/chat?limit=100&since=2026-06-14%2016%3A00%3A24:0
[230656554ms] [ERROR] Failed to load resource: the server responded with a status of 500 () @ https://stolenwatermedia.com/wp-json/swm-worldcup/v1/chat?limit=100&since=2026-06-14%2016%3A00%3A24:0
[230666569ms] [ERROR] Failed to load resource: the server responded with a status of 500 () @ https://stolenwatermedia.com/wp-json/swm-worldcup/v1/chat?limit=100&since=2026-06-14%2016%3A00%3A24:0
[230676556ms] [ERROR] Failed to load resource: the server responded with a status of 500 () @ https://stolenwatermedia.com/wp-json/swm-worldcup/v1/chat?limit=100&since=2026-06-14%2016%3A00%3A24:0
[230686532ms] [ERROR] Failed to load resource: the server responded with a status of 500 () @ https://stolenwatermedia.com/wp-json/swm-worldcup/v1/chat?limit=100&since=2026-06-14%2016%3A00%3A24:0
[230696550ms] [ERROR] Failed to load resource: the server responded with a status of 500 () @ https://stolenwatermedia.com/wp-json/swm-worldcup/v1/chat?limit=100&since=2026-06-14%2016%3A00%3A24:0
[230707204ms] [ERROR] Failed to load resource: the server responded with a status of 500 () @ https://stolenwatermedia.com/wp-json/swm-worldcup/v1/chat?limit=100&since=2026-06-14%2016%3A00%3A24:0
[230716546ms] [ERROR] Failed to load resource: the server responded with a status of 500 () @ https://stolenwatermedia.com/wp-json/swm-worldcup/v1/chat?limit=100&since=2026-06-14%2016%3A00%3A24:0
[230726539ms] [ERROR] Failed to load resource: the server responded with a status of 500 () @ https://stolenwatermedia.com/wp-json/swm-worldcup/v1/chat?limit=100&since=2026-06-14%2016%3A00%3A24:0
[230736551ms] [ERROR] Failed to load resource: the server responded with a status of 500 () @ https://stolenwatermedia.com/wp-json/swm-worldcup/v1/chat?limit=100&since=2026-06-14%2016%3A00%3A24:0
[230746557ms] [ERROR] Failed to load resource: the server responded with a status of 500 () @ https://stolenwatermedia.com/wp-json/swm-worldcup/v1/chat?limit=100&since=2026-06-14%2016%3A00%3A24:0
[230756546ms] [ERROR] Failed to load resource: the server responded with a status of 500 () @ https://stolenwatermedia.com/wp-json/swm-worldcup/v1/chat?limit=100&since=2026-06-14%2016%3A00%3A24:0
[230766543ms] [ERROR] Failed to load resource: the server responded with a status of 500 () @ https://stolenwatermedia.com/wp-json/swm-worldcup/v1/chat?limit=100&since=2026-06-14%2016%3A00%3A24:0
[230776561ms] [ERROR] Failed to load resource: the server responded with a status of 500 () @ https://stolenwatermedia.com/wp-json/swm-worldcup/v1/chat?limit=100&since=2026-06-14%2016%3A00%3A24:0
[230786548ms] [ERROR] Failed to load resource: the server responded with a status of 500 () @ https://stolenwatermedia.com/wp-json/swm-worldcup/v1/chat?limit=100&since=2026-06-14%2016%3A00%3A24:0
[230796554ms] [ERROR] Failed to load resource: the server responded with a status of 500 () @ https://stolenwatermedia.com/wp-json/swm-worldcup/v1/chat?limit=100&since=2026-06-14%2016%3A00%3A24:0
[230806547ms] [ERROR] Failed to load resource: the server responded with a status of 500 () @ https://stolenwatermedia.com/wp-json/swm-worldcup/v1/chat?limit=100&since=2026-06-14%2016%3A00%3A24:0
[230816534ms] [ERROR] Failed to load resource: the server responded with a status of 500 () @ https://stolenwatermedia.com/wp-json/swm-worldcup/v1/chat?limit=100&since=2026-06-14%2016%3A00%3A24:0
[230826546ms] [ERROR] Failed to load resource: the server responded with a status of 500 () @ https://stolenwatermedia.com/wp-json/swm-worldcup/v1/chat?limit=100&since=2026-06-14%2016%3A00%3A24:0
[230836548ms] [ERROR] Failed to load resource: the server responded with a status of 500 () @ https://stolenwatermedia.com/wp-json/swm-worldcup/v1/chat?limit=100&since=2026-06-14%2016%3A00%3A24:0
[230846550ms] [ERROR] Failed to load resource: the server responded with a status of 500 () @ https://stolenwatermedia.com/wp-json/swm-worldcup/v1/chat?limit=100&since=2026-06-14%2016%3A00%3A24:0
[230856530ms] [ERROR] Failed to load resource: the server responded with a status of 500 () @ https://stolenwatermedia.com/wp-json/swm-worldcup/v1/chat?limit=100&since=2026-06-14%2016%3A00%3A24:0
[230866543ms] [ERROR] Failed to load resource: the server responded with a status of 500 () @ https://stolenwatermedia.com/wp-json/swm-worldcup/v1/chat?limit=100&since=2026-06-14%2016%3A00%3A24:0
[230876542ms] [ERROR] Failed to load resource: the server responded with a status of 500 () @ https://stolenwatermedia.com/wp-json/swm-worldcup/v1/chat?limit=100&since=2026-06-14%2016%3A00%3A24:0
[230886543ms] [ERROR] Failed to load resource: the server responded with a status of 500 () @ https://stolenwatermedia.com/wp-json/swm-worldcup/v1/chat?limit=100&since=2026-06-14%2016%3A00%3A24:0
[230897522ms] [ERROR] Failed to load resource: the server responded with a status of 500 () @ https://stolenwatermedia.com/wp-json/swm-worldcup/v1/chat?limit=100&since=2026-06-14%2016%3A00%3A24:0
[230906628ms] [ERROR] Failed to load resource: the server responded with a status of 500 () @ https://stolenwatermedia.com/wp-json/swm-worldcup/v1/chat?limit=100&since=2026-06-14%2016%3A00%3A24:0
[230916653ms] [ERROR] Failed to load resource: the server responded with a status of 500 () @ https://stolenwatermedia.com/wp-json/swm-worldcup/v1/chat?limit=100&since=2026-06-14%2016%3A00%3A24:0
[230926546ms] [ERROR] Failed to load resource: the server responded with a status of 500 () @ https://stolenwatermedia.com/wp-json/swm-worldcup/v1/chat?limit=100&since=2026-06-14%2016%3A00%3A24:0
[230936532ms] [ERROR] Failed to load resource: the server responded with a status of 500 () @ https://stolenwatermedia.com/wp-json/swm-worldcup/v1/chat?limit=100&since=2026-06-14%2016%3A00%3A24:0
[230946581ms] [ERROR] Failed to load resource: the server responded with a status of 500 () @ https://stolenwatermedia.com/wp-json/swm-worldcup/v1/chat?limit=100&since=2026-06-14%2016%3A00%3A24:0
[230956557ms] [ERROR] Failed to load resource: the server responded with a status of 500 () @ https://stolenwatermedia.com/wp-json/swm-worldcup/v1/chat?limit=100&since=2026-06-14%2016%3A00%3A24:0
[230966541ms] [ERROR] Failed to load resource: the server responded with a status of 500 () @ https://stolenwatermedia.com/wp-json/swm-worldcup/v1/chat?limit=100&since=2026-06-14%2016%3A00%3A24:0
[230976545ms] [ERROR] Failed to load resource: the server responded with a status of 500 () @ https://stolenwatermedia.com/wp-json/swm-worldcup/v1/chat?limit=100&since=2026-06-14%2016%3A00%3A24:0
[230986533ms] [ERROR] Failed to load resource: the server responded with a status of 500 () @ https://stolenwatermedia.com/wp-json/swm-worldcup/v1/chat?limit=100&since=2026-06-14%2016%3A00%3A24:0
[230996554ms] [ERROR] Failed to load resource: the server responded with a status of 500 () @ https://stolenwatermedia.com/wp-json/swm-worldcup/v1/chat?limit=100&since=2026-06-14%2016%3A00%3A24:0
[231006555ms] [ERROR] Failed to load resource: the server responded with a status of 500 () @ https://stolenwatermedia.com/wp-json/swm-worldcup/v1/chat?limit=100&since=2026-06-14%2016%3A00%3A24:0
[231016553ms] [ERROR] Failed to load resource: the server responded with a status of 500 () @ https://stolenwatermedia.com/wp-json/swm-worldcup/v1/chat?limit=100&since=2026-06-14%2016%3A00%3A24:0
[231026547ms] [ERROR] Failed to load resource: the server responded with a status of 500 () @ https://stolenwatermedia.com/wp-json/swm-worldcup/v1/chat?limit=100&since=2026-06-14%2016%3A00%3A24:0
[231036541ms] [ERROR] Failed to load resource: the server responded with a status of 500 () @ https://stolenwatermedia.com/wp-json/swm-worldcup/v1/chat?limit=100&since=2026-06-14%2016%3A00%3A24:0
[231046558ms] [ERROR] Failed to load resource: the server responded with a status of 500 () @ https://stolenwatermedia.com/wp-json/swm-worldcup/v1/chat?limit=100&since=2026-06-14%2016%3A00%3A24:0
[231056568ms] [ERROR] Failed to load resource: the server responded with a status of 500 () @ https://stolenwatermedia.com/wp-json/swm-worldcup/v1/chat?limit=100&since=2026-06-14%2016%3A00%3A24:0
[231066536ms] [ERROR] Failed to load resource: the server responded with a status of 500 () @ https://stolenwatermedia.com/wp-json/swm-worldcup/v1/chat?limit=100&since=2026-06-14%2016%3A00%3A24:0
[231076544ms] [ERROR] Failed to load resource: the server responded with a status of 500 () @ https://stolenwatermedia.com/wp-json/swm-worldcup/v1/chat?limit=100&since=2026-06-14%2016%3A00%3A24:0
[231086603ms] [ERROR] Failed to load resource: the server responded with a status of 500 () @ https://stolenwatermedia.com/wp-json/swm-worldcup/v1/chat?limit=100&since=2026-06-14%2016%3A00%3A24:0
[231096533ms] [ERROR] Failed to load resource: the server responded with a status of 500 () @ https://stolenwatermedia.com/wp-json/swm-worldcup/v1/chat?limit=100&since=2026-06-14%2016%3A00%3A24:0
[231106531ms] [ERROR] Failed to load resource: the server responded with a status of 500 () @ https://stolenwatermedia.com/wp-json/swm-worldcup/v1/chat?limit=100&since=2026-06-14%2016%3A00%3A24:0
[231116533ms] [ERROR] Failed to load resource: the server responded with a status of 500 () @ https://stolenwatermedia.com/wp-json/swm-worldcup/v1/chat?limit=100&since=2026-06-14%2016%3A00%3A24:0
[231126560ms] [ERROR] Failed to load resource: the server responded with a status of 500 () @ https://stolenwatermedia.com/wp-json/swm-worldcup/v1/chat?limit=100&since=2026-06-14%2016%3A00%3A24:0
[231136532ms] [ERROR] Failed to load resource: the server responded with a status of 500 () @ https://stolenwatermedia.com/wp-json/swm-worldcup/v1/chat?limit=100&since=2026-06-14%2016%3A00%3A24:0
[231146663ms] [ERROR] Failed to load resource: the server responded with a status of 500 () @ https://stolenwatermedia.com/wp-json/swm-worldcup/v1/chat?limit=100&since=2026-06-14%2016%3A00%3A24:0
[231156535ms] [ERROR] Failed to load resource: the server responded with a status of 500 () @ https://stolenwatermedia.com/wp-json/swm-worldcup/v1/chat?limit=100&since=2026-06-14%2016%3A00%3A24:0
[231166555ms] [ERROR] Failed to load resource: the server responded with a status of 500 () @ https://stolenwatermedia.com/wp-json/swm-worldcup/v1/chat?limit=100&since=2026-06-14%2016%3A00%3A24:0
[231176565ms] [ERROR] Failed to load resource: the server responded with a status of 500 () @ https://stolenwatermedia.com/wp-json/swm-worldcup/v1/chat?limit=100&since=2026-06-14%2016%3A00%3A24:0
[231186551ms] [ERROR] Failed to load resource: the server responded with a status of 500 () @ https://stolenwatermedia.com/wp-json/swm-worldcup/v1/chat?limit=100&since=2026-06-14%2016%3A00%3A24:0
[231197067ms] [ERROR] Failed to load resource: the server responded with a status of 500 () @ https://stolenwatermedia.com/wp-json/swm-worldcup/v1/chat?limit=100&since=2026-06-14%2016%3A00%3A24:0
[231206531ms] [ERROR] Failed to load resource: the server responded with a status of 500 () @ https://stolenwatermedia.com/wp-json/swm-worldcup/v1/chat?limit=100&since=2026-06-14%2016%3A00%3A24:0
[231216534ms] [ERROR] Failed to load resource: the server responded with a status of 500 () @ https://stolenwatermedia.com/wp-json/swm-worldcup/v1/chat?limit=100&since=2026-06-14%2016%3A00%3A24:0
[231226530ms] [ERROR] Failed to load resource: the server responded with a status of 500 () @ https://stolenwatermedia.com/wp-json/swm-worldcup/v1/chat?limit=100&since=2026-06-14%2016%3A00%3A24:0
[231236527ms] [ERROR] Failed to load resource: the server responded with a status of 500 () @ https://stolenwatermedia.com/wp-json/swm-worldcup/v1/chat?limit=100&since=2026-06-14%2016%3A00%3A24:0
[231246547ms] [ERROR] Failed to load resource: the server responded with a status of 500 () @ https://stolenwatermedia.com/wp-json/swm-worldcup/v1/chat?limit=100&since=2026-06-14%2016%3A00%3A24:0
[231256555ms] [ERROR] Failed to load resource: the server responded with a status of 500 () @ https://stolenwatermedia.com/wp-json/swm-worldcup/v1/chat?limit=100&since=2026-06-14%2016%3A00%3A24:0
[231266526ms] [ERROR] Failed to load resource: the server responded with a status of 500 () @ https://stolenwatermedia.com/wp-json/swm-worldcup/v1/chat?limit=100&since=2026-06-14%2016%3A00%3A24:0
[231276832ms] [ERROR] Failed to load resource: the server responded with a status of 500 () @ https://stolenwatermedia.com/wp-json/swm-worldcup/v1/chat?limit=100&since=2026-06-14%2016%3A00%3A24:0
[231286535ms] [ERROR] Failed to load resource: the server responded with a status of 500 () @ https://stolenwatermedia.com/wp-json/swm-worldcup/v1/chat?limit=100&since=2026-06-14%2016%3A00%3A24:0
[231296554ms] [ERROR] Failed to load resource: the server responded with a status of 500 () @ https://stolenwatermedia.com/wp-json/swm-worldcup/v1/chat?limit=100&since=2026-06-14%2016%3A00%3A24:0
[231306533ms] [ERROR] Failed to load resource: the server responded with a status of 500 () @ https://stolenwatermedia.com/wp-json/swm-worldcup/v1/chat?limit=100&since=2026-06-14%2016%3A00%3A24:0
[231316534ms] [ERROR] Failed to load resource: the server responded with a status of 500 () @ https://stolenwatermedia.com/wp-json/swm-worldcup/v1/chat?limit=100&since=2026-06-14%2016%3A00%3A24:0
[231326633ms] [ERROR] Failed to load resource: the server responded with a status of 500 () @ https://stolenwatermedia.com/wp-json/swm-worldcup/v1/chat?limit=100&since=2026-06-14%2016%3A00%3A24:0
[231336980ms] [ERROR] Failed to load resource: the server responded with a status of 500 () @ https://stolenwatermedia.com/wp-json/swm-worldcup/v1/chat?limit=100&since=2026-06-14%2016%3A00%3A24:0
[231346639ms] [ERROR] Failed to load resource: the server responded with a status of 500 () @ https://stolenwatermedia.com/wp-json/swm-worldcup/v1/chat?limit=100&since=2026-06-14%2016%3A00%3A24:0
[231356623ms] [ERROR] Failed to load resource: the server responded with a status of 500 () @ https://stolenwatermedia.com/wp-json/swm-worldcup/v1/chat?limit=100&since=2026-06-14%2016%3A00%3A24:0
[231366630ms] [ERROR] Failed to load resource: the server responded with a status of 500 () @ https://stolenwatermedia.com/wp-json/swm-worldcup/v1/chat?limit=100&since=2026-06-14%2016%3A00%3A24:0
[231376625ms] [ERROR] Failed to load resource: the server responded with a status of 500 () @ https://stolenwatermedia.com/wp-json/swm-worldcup/v1/chat?limit=100&since=2026-06-14%2016%3A00%3A24:0
[231386655ms] [ERROR] Failed to load resource: the server responded with a status of 500 () @ https://stolenwatermedia.com/wp-json/swm-worldcup/v1/chat?limit=100&since=2026-06-14%2016%3A00%3A24:0
[231396656ms] [ERROR] Failed to load resource: the server responded with a status of 500 () @ https://stolenwatermedia.com/wp-json/swm-worldcup/v1/chat?limit=100&since=2026-06-14%2016%3A00%3A24:0
[231406623ms] [ERROR] Failed to load resource: the server responded with a status of 500 () @ https://stolenwatermedia.com/wp-json/swm-worldcup/v1/chat?limit=100&since=2026-06-14%2016%3A00%3A24:0
[231416627ms] [ERROR] Failed to load resource: the server responded with a status of 500 () @ https://stolenwatermedia.com/wp-json/swm-worldcup/v1/chat?limit=100&since=2026-06-14%2016%3A00%3A24:0
[231426627ms] [ERROR] Failed to load resource: the server responded with a status of 500 () @ https://stolenwatermedia.com/wp-json/swm-worldcup/v1/chat?limit=100&since=2026-06-14%2016%3A00%3A24:0
[231437126ms] [ERROR] Failed to load resource: the server responded with a status of 500 () @ https://stolenwatermedia.com/wp-json/swm-worldcup/v1/chat?limit=100&since=2026-06-14%2016%3A00%3A24:0
[231446645ms] [ERROR] Failed to load resource: the server responded with a status of 500 () @ https://stolenwatermedia.com/wp-json/swm-worldcup/v1/chat?limit=100&since=2026-06-14%2016%3A00%3A24:0
[231456631ms] [ERROR] Failed to load resource: the server responded with a status of 500 () @ https://stolenwatermedia.com/wp-json/swm-worldcup/v1/chat?limit=100&since=2026-06-14%2016%3A00%3A24:0
[231467140ms] [ERROR] Failed to load resource: the server responded with a status of 500 () @ https://stolenwatermedia.com/wp-json/swm-worldcup/v1/chat?limit=100&since=2026-06-14%2016%3A00%3A24:0
[231476630ms] [ERROR] Failed to load resource: the server responded with a status of 500 () @ https://stolenwatermedia.com/wp-json/swm-worldcup/v1/chat?limit=100&since=2026-06-14%2016%3A00%3A24:0
[231486646ms] [ERROR] Failed to load resource: the server responded with a status of 500 () @ https://stolenwatermedia.com/wp-json/swm-worldcup/v1/chat?limit=100&since=2026-06-14%2016%3A00%3A24:0
[231497223ms] [ERROR] Failed to load resource: the server responded with a status of 500 () @ https://stolenwatermedia.com/wp-json/swm-worldcup/v1/chat?limit=100&since=2026-06-14%2016%3A00%3A24:0
[231506697ms] [ERROR] Failed to load resource: the server responded with a status of 500 () @ https://stolenwatermedia.com/wp-json/swm-worldcup/v1/chat?limit=100&since=2026-06-14%2016%3A00%3A24:0
[231516732ms] [ERROR] Failed to load resource: the server responded with a status of 500 () @ https://stolenwatermedia.com/wp-json/swm-worldcup/v1/chat?limit=100&since=2026-06-14%2016%3A00%3A24:0
[231526640ms] [ERROR] Failed to load resource: the server responded with a status of 500 () @ https://stolenwatermedia.com/wp-json/swm-worldcup/v1/chat?limit=100&since=2026-06-14%2016%3A00%3A24:0
[231536655ms] [ERROR] Failed to load resource: the server responded with a status of 500 () @ https://stolenwatermedia.com/wp-json/swm-worldcup/v1/chat?limit=100&since=2026-06-14%2016%3A00%3A24:0
[231546633ms] [ERROR] Failed to load resource: the server responded with a status of 500 () @ https://stolenwatermedia.com/wp-json/swm-worldcup/v1/chat?limit=100&since=2026-06-14%2016%3A00%3A24:0
[231556634ms] [ERROR] Failed to load resource: the server responded with a status of 500 () @ https://stolenwatermedia.com/wp-json/swm-worldcup/v1/chat?limit=100&since=2026-06-14%2016%3A00%3A24:0
[231566641ms] [ERROR] Failed to load resource: the server responded with a status of 500 () @ https://stolenwatermedia.com/wp-json/swm-worldcup/v1/chat?limit=100&since=2026-06-14%2016%3A00%3A24:0
[231576628ms] [ERROR] Failed to load resource: the server responded with a status of 500 () @ https://stolenwatermedia.com/wp-json/swm-worldcup/v1/chat?limit=100&since=2026-06-14%2016%3A00%3A24:0
[231586626ms] [ERROR] Failed to load resource: the server responded with a status of 500 () @ https://stolenwatermedia.com/wp-json/swm-worldcup/v1/chat?limit=100&since=2026-06-14%2016%3A00%3A24:0
[231597349ms] [ERROR] Failed to load resource: the server responded with a status of 500 () @ https://stolenwatermedia.com/wp-json/swm-worldcup/v1/chat?limit=100&since=2026-06-14%2016%3A00%3A24:0
[231606624ms] [ERROR] Failed to load resource: the server responded with a status of 500 () @ https://stolenwatermedia.com/wp-json/swm-worldcup/v1/chat?limit=100&since=2026-06-14%2016%3A00%3A24:0
[231616659ms] [ERROR] Failed to load resource: the server responded with a status of 500 () @ https://stolenwatermedia.com/wp-json/swm-worldcup/v1/chat?limit=100&since=2026-06-14%2016%3A00%3A24:0
[231626631ms] [ERROR] Failed to load resource: the server responded with a status of 500 () @ https://stolenwatermedia.com/wp-json/swm-worldcup/v1/chat?limit=100&since=2026-06-14%2016%3A00%3A24:0
[231636644ms] [ERROR] Failed to load resource: the server responded with a status of 500 () @ https://stolenwatermedia.com/wp-json/swm-worldcup/v1/chat?limit=100&since=2026-06-14%2016%3A00%3A24:0
[231646624ms] [ERROR] Failed to load resource: the server responded with a status of 500 () @ https://stolenwatermedia.com/wp-json/swm-worldcup/v1/chat?limit=100&since=2026-06-14%2016%3A00%3A24:0
[231656639ms] [ERROR] Failed to load resource: the server responded with a status of 500 () @ https://stolenwatermedia.com/wp-json/swm-worldcup/v1/chat?limit=100&since=2026-06-14%2016%3A00%3A24:0
[231667432ms] [ERROR] Failed to load resource: the server responded with a status of 500 () @ https://stolenwatermedia.com/wp-json/swm-worldcup/v1/chat?limit=100&since=2026-06-14%2016%3A00%3A24:0
[231676639ms] [ERROR] Failed to load resource: the server responded with a status of 500 () @ https://stolenwatermedia.com/wp-json/swm-worldcup/v1/chat?limit=100&since=2026-06-14%2016%3A00%3A24:0
[231686690ms] [ERROR] Failed to load resource: the server responded with a status of 500 () @ https://stolenwatermedia.com/wp-json/swm-worldcup/v1/chat?limit=100&since=2026-06-14%2016%3A00%3A24:0
[231696633ms] [ERROR] Failed to load resource: the server responded with a status of 500 () @ https://stolenwatermedia.com/wp-json/swm-worldcup/v1/chat?limit=100&since=2026-06-14%2016%3A00%3A24:0
[231706636ms] [ERROR] Failed to load resource: the server responded with a status of 500 () @ https://stolenwatermedia.com/wp-json/swm-worldcup/v1/chat?limit=100&since=2026-06-14%2016%3A00%3A24:0
[231716635ms] [ERROR] Failed to load resource: the server responded with a status of 500 () @ https://stolenwatermedia.com/wp-json/swm-worldcup/v1/chat?limit=100&since=2026-06-14%2016%3A00%3A24:0
[231727487ms] [ERROR] Failed to load resource: the server responded with a status of 500 () @ https://stolenwatermedia.com/wp-json/swm-worldcup/v1/chat?limit=100&since=2026-06-14%2016%3A00%3A24:0
[231736641ms] [ERROR] Failed to load resource: the server responded with a status of 500 () @ https://stolenwatermedia.com/wp-json/swm-worldcup/v1/chat?limit=100&since=2026-06-14%2016%3A00%3A24:0
[231746649ms] [ERROR] Failed to load resource: the server responded with a status of 500 () @ https://stolenwatermedia.com/wp-json/swm-worldcup/v1/chat?limit=100&since=2026-06-14%2016%3A00%3A24:0
[231756668ms] [ERROR] Failed to load resource: the server responded with a status of 500 () @ https://stolenwatermedia.com/wp-json/swm-worldcup/v1/chat?limit=100&since=2026-06-14%2016%3A00%3A24:0
[231766643ms] [ERROR] Failed to load resource: the server responded with a status of 500 () @ https://stolenwatermedia.com/wp-json/swm-worldcup/v1/chat?limit=100&since=2026-06-14%2016%3A00%3A24:0
[231776634ms] [ERROR] Failed to load resource: the server responded with a status of 500 () @ https://stolenwatermedia.com/wp-json/swm-worldcup/v1/chat?limit=100&since=2026-06-14%2016%3A00%3A24:0
[231786629ms] [ERROR] Failed to load resource: the server responded with a status of 500 () @ https://stolenwatermedia.com/wp-json/swm-worldcup/v1/chat?limit=100&since=2026-06-14%2016%3A00%3A24:0
[231797722ms] [ERROR] Failed to load resource: the server responded with a status of 500 () @ https://stolenwatermedia.com/wp-json/swm-worldcup/v1/chat?limit=100&since=2026-06-14%2016%3A00%3A24:0
[231806645ms] [ERROR] Failed to load resource: the server responded with a status of 500 () @ https://stolenwatermedia.com/wp-json/swm-worldcup/v1/chat?limit=100&since=2026-06-14%2016%3A00%3A24:0
[231816646ms] [ERROR] Failed to load resource: the server responded with a status of 500 () @ https://stolenwatermedia.com/wp-json/swm-worldcup/v1/chat?limit=100&since=2026-06-14%2016%3A00%3A24:0
[231826659ms] [ERROR] Failed to load resource: the server responded with a status of 500 () @ https://stolenwatermedia.com/wp-json/swm-worldcup/v1/chat?limit=100&since=2026-06-14%2016%3A00%3A24:0
[231836656ms] [ERROR] Failed to load resource: the server responded with a status of 500 () @ https://stolenwatermedia.com/wp-json/swm-worldcup/v1/chat?limit=100&since=2026-06-14%2016%3A00%3A24:0
[231846670ms] [ERROR] Failed to load resource: the server responded with a status of 500 () @ https://stolenwatermedia.com/wp-json/swm-worldcup/v1/chat?limit=100&since=2026-06-14%2016%3A00%3A24:0
[231856666ms] [ERROR] Failed to load resource: the server responded with a status of 500 () @ https://stolenwatermedia.com/wp-json/swm-worldcup/v1/chat?limit=100&since=2026-06-14%2016%3A00%3A24:0
[231866633ms] [ERROR] Failed to load resource: the server responded with a status of 500 () @ https://stolenwatermedia.com/wp-json/swm-worldcup/v1/chat?limit=100&since=2026-06-14%2016%3A00%3A24:0
[231876658ms] [ERROR] Failed to load resource: the server responded with a status of 500 () @ https://stolenwatermedia.com/wp-json/swm-worldcup/v1/chat?limit=100&since=2026-06-14%2016%3A00%3A24:0
[231886649ms] [ERROR] Failed to load resource: the server responded with a status of 500 () @ https://stolenwatermedia.com/wp-json/swm-worldcup/v1/chat?limit=100&since=2026-06-14%2016%3A00%3A24:0
[231896632ms] [ERROR] Failed to load resource: the server responded with a status of 500 () @ https://stolenwatermedia.com/wp-json/swm-worldcup/v1/chat?limit=100&since=2026-06-14%2016%3A00%3A24:0
[231906632ms] [ERROR] Failed to load resource: the server responded with a status of 500 () @ https://stolenwatermedia.com/wp-json/swm-worldcup/v1/chat?limit=100&since=2026-06-14%2016%3A00%3A24:0
[231916638ms] [ERROR] Failed to load resource: the server responded with a status of 500 () @ https://stolenwatermedia.com/wp-json/swm-worldcup/v1/chat?limit=100&since=2026-06-14%2016%3A00%3A24:0
[231926638ms] [ERROR] Failed to load resource: the server responded with a status of 500 () @ https://stolenwatermedia.com/wp-json/swm-worldcup/v1/chat?limit=100&since=2026-06-14%2016%3A00%3A24:0
[231936640ms] [ERROR] Failed to load resource: the server responded with a status of 500 () @ https://stolenwatermedia.com/wp-json/swm-worldcup/v1/chat?limit=100&since=2026-06-14%2016%3A00%3A24:0
[231946640ms] [ERROR] Failed to load resource: the server responded with a status of 500 () @ https://stolenwatermedia.com/wp-json/swm-worldcup/v1/chat?limit=100&since=2026-06-14%2016%3A00%3A24:0
[231956633ms] [ERROR] Failed to load resource: the server responded with a status of 500 () @ https://stolenwatermedia.com/wp-json/swm-worldcup/v1/chat?limit=100&since=2026-06-14%2016%3A00%3A24:0
[231966634ms] [ERROR] Failed to load resource: the server responded with a status of 500 () @ https://stolenwatermedia.com/wp-json/swm-worldcup/v1/chat?limit=100&since=2026-06-14%2016%3A00%3A24:0
[231976634ms] [ERROR] Failed to load resource: the server responded with a status of 500 () @ https://stolenwatermedia.com/wp-json/swm-worldcup/v1/chat?limit=100&since=2026-06-14%2016%3A00%3A24:0
[231986782ms] [ERROR] Failed to load resource: the server responded with a status of 500 () @ https://stolenwatermedia.com/wp-json/swm-worldcup/v1/chat?limit=100&since=2026-06-14%2016%3A00%3A24:0
[231996630ms] [ERROR] Failed to load resource: the server responded with a status of 500 () @ https://stolenwatermedia.com/wp-json/swm-worldcup/v1/chat?limit=100&since=2026-06-14%2016%3A00%3A24:0
[232006639ms] [ERROR] Failed to load resource: the server responded with a status of 500 () @ https://stolenwatermedia.com/wp-json/swm-worldcup/v1/chat?limit=100&since=2026-06-14%2016%3A00%3A24:0
[232016646ms] [ERROR] Failed to load resource: the server responded with a status of 500 () @ https://stolenwatermedia.com/wp-json/swm-worldcup/v1/chat?limit=100&since=2026-06-14%2016%3A00%3A24:0
[232026635ms] [ERROR] Failed to load resource: the server responded with a status of 500 () @ https://stolenwatermedia.com/wp-json/swm-worldcup/v1/chat?limit=100&since=2026-06-14%2016%3A00%3A24:0
[232036708ms] [ERROR] Failed to load resource: the server responded with a status of 500 () @ https://stolenwatermedia.com/wp-json/swm-worldcup/v1/chat?limit=100&since=2026-06-14%2016%3A00%3A24:0
[232046627ms] [ERROR] Failed to load resource: the server responded with a status of 500 () @ https://stolenwatermedia.com/wp-json/swm-worldcup/v1/chat?limit=100&since=2026-06-14%2016%3A00%3A24:0
[232056635ms] [ERROR] Failed to load resource: the server responded with a status of 500 () @ https://stolenwatermedia.com/wp-json/swm-worldcup/v1/chat?limit=100&since=2026-06-14%2016%3A00%3A24:0
[232066638ms] [ERROR] Failed to load resource: the server responded with a status of 500 () @ https://stolenwatermedia.com/wp-json/swm-worldcup/v1/chat?limit=100&since=2026-06-14%2016%3A00%3A24:0
[232076638ms] [ERROR] Failed to load resource: the server responded with a status of 500 () @ https://stolenwatermedia.com/wp-json/swm-worldcup/v1/chat?limit=100&since=2026-06-14%2016%3A00%3A24:0
[232086630ms] [ERROR] Failed to load resource: the server responded with a status of 500 () @ https://stolenwatermedia.com/wp-json/swm-worldcup/v1/chat?limit=100&since=2026-06-14%2016%3A00%3A24:0
[232096973ms] [ERROR] Failed to load resource: the server responded with a status of 500 () @ https://stolenwatermedia.com/wp-json/swm-worldcup/v1/chat?limit=100&since=2026-06-14%2016%3A00%3A24:0
[232106703ms] [ERROR] Failed to load resource: the server responded with a status of 500 () @ https://stolenwatermedia.com/wp-json/swm-worldcup/v1/chat?limit=100&since=2026-06-14%2016%3A00%3A24:0
[232116676ms] [ERROR] Failed to load resource: the server responded with a status of 500 () @ https://stolenwatermedia.com/wp-json/swm-worldcup/v1/chat?limit=100&since=2026-06-14%2016%3A00%3A24:0
[232126643ms] [ERROR] Failed to load resource: the server responded with a status of 500 () @ https://stolenwatermedia.com/wp-json/swm-worldcup/v1/chat?limit=100&since=2026-06-14%2016%3A00%3A24:0
[232136640ms] [ERROR] Failed to load resource: the server responded with a status of 500 () @ https://stolenwatermedia.com/wp-json/swm-worldcup/v1/chat?limit=100&since=2026-06-14%2016%3A00%3A24:0
[232146647ms] [ERROR] Failed to load resource: the server responded with a status of 500 () @ https://stolenwatermedia.com/wp-json/swm-worldcup/v1/chat?limit=100&since=2026-06-14%2016%3A00%3A24:0
[232156641ms] [ERROR] Failed to load resource: the server responded with a status of 500 () @ https://stolenwatermedia.com/wp-json/swm-worldcup/v1/chat?limit=100&since=2026-06-14%2016%3A00%3A24:0
[232166638ms] [ERROR] Failed to load resource: the server responded with a status of 500 () @ https://stolenwatermedia.com/wp-json/swm-worldcup/v1/chat?limit=100&since=2026-06-14%2016%3A00%3A24:0
[232176648ms] [ERROR] Failed to load resource: the server responded with a status of 500 () @ https://stolenwatermedia.com/wp-json/swm-worldcup/v1/chat?limit=100&since=2026-06-14%2016%3A00%3A24:0
[232186640ms] [ERROR] Failed to load resource: the server responded with a status of 500 () @ https://stolenwatermedia.com/wp-json/swm-worldcup/v1/chat?limit=100&since=2026-06-14%2016%3A00%3A24:0
[232196640ms] [ERROR] Failed to load resource: the server responded with a status of 500 () @ https://stolenwatermedia.com/wp-json/swm-worldcup/v1/chat?limit=100&since=2026-06-14%2016%3A00%3A24:0
[232206640ms] [ERROR] Failed to load resource: the server responded with a status of 500 () @ https://stolenwatermedia.com/wp-json/swm-worldcup/v1/chat?limit=100&since=2026-06-14%2016%3A00%3A24:0
[232216657ms] [ERROR] Failed to load resource: the server responded with a status of 500 () @ https://stolenwatermedia.com/wp-json/swm-worldcup/v1/chat?limit=100&since=2026-06-14%2016%3A00%3A24:0
[232226638ms] [ERROR] Failed to load resource: the server responded with a status of 500 () @ https://stolenwatermedia.com/wp-json/swm-worldcup/v1/chat?limit=100&since=2026-06-14%2016%3A00%3A24:0
[232237104ms] [ERROR] Failed to load resource: the server responded with a status of 500 () @ https://stolenwatermedia.com/wp-json/swm-worldcup/v1/chat?limit=100&since=2026-06-14%2016%3A00%3A24:0
[232246646ms] [ERROR] Failed to load resource: the server responded with a status of 500 () @ https://stolenwatermedia.com/wp-json/swm-worldcup/v1/chat?limit=100&since=2026-06-14%2016%3A00%3A24:0
[232256638ms] [ERROR] Failed to load resource: the server responded with a status of 500 () @ https://stolenwatermedia.com/wp-json/swm-worldcup/v1/chat?limit=100&since=2026-06-14%2016%3A00%3A24:0
[232266638ms] [ERROR] Failed to load resource: the server responded with a status of 500 () @ https://stolenwatermedia.com/wp-json/swm-worldcup/v1/chat?limit=100&since=2026-06-14%2016%3A00%3A24:0
[232276635ms] [ERROR] Failed to load resource: the server responded with a status of 500 () @ https://stolenwatermedia.com/wp-json/swm-worldcup/v1/chat?limit=100&since=2026-06-14%2016%3A00%3A24:0
[232286645ms] [ERROR] Failed to load resource: the server responded with a status of 500 () @ https://stolenwatermedia.com/wp-json/swm-worldcup/v1/chat?limit=100&since=2026-06-14%2016%3A00%3A24:0
[232297102ms] [ERROR] Failed to load resource: the server responded with a status of 500 () @ https://stolenwatermedia.com/wp-json/swm-worldcup/v1/chat?limit=100&since=2026-06-14%2016%3A00%3A24:0
[232306664ms] [ERROR] Failed to load resource: the server responded with a status of 500 () @ https://stolenwatermedia.com/wp-json/swm-worldcup/v1/chat?limit=100&since=2026-06-14%2016%3A00%3A24:0
[232316644ms] [ERROR] Failed to load resource: the server responded with a status of 500 () @ https://stolenwatermedia.com/wp-json/swm-worldcup/v1/chat?limit=100&since=2026-06-14%2016%3A00%3A24:0
[232326649ms] [ERROR] Failed to load resource: the server responded with a status of 500 () @ https://stolenwatermedia.com/wp-json/swm-worldcup/v1/chat?limit=100&since=2026-06-14%2016%3A00%3A24:0
[232336647ms] [ERROR] Failed to load resource: the server responded with a status of 500 () @ https://stolenwatermedia.com/wp-json/swm-worldcup/v1/chat?limit=100&since=2026-06-14%2016%3A00%3A24:0
[232346660ms] [ERROR] Failed to load resource: the server responded with a status of 500 () @ https://stolenwatermedia.com/wp-json/swm-worldcup/v1/chat?limit=100&since=2026-06-14%2016%3A00%3A24:0
[232357162ms] [ERROR] Failed to load resource: the server responded with a status of 500 () @ https://stolenwatermedia.com/wp-json/swm-worldcup/v1/chat?limit=100&since=2026-06-14%2016%3A00%3A24:0
[232366670ms] [ERROR] Failed to load resource: the server responded with a status of 500 () @ https://stolenwatermedia.com/wp-json/swm-worldcup/v1/chat?limit=100&since=2026-06-14%2016%3A00%3A24:0
[232376651ms] [ERROR] Failed to load resource: the server responded with a status of 500 () @ https://stolenwatermedia.com/wp-json/swm-worldcup/v1/chat?limit=100&since=2026-06-14%2016%3A00%3A24:0
[232386667ms] [ERROR] Failed to load resource: the server responded with a status of 500 () @ https://stolenwatermedia.com/wp-json/swm-worldcup/v1/chat?limit=100&since=2026-06-14%2016%3A00%3A24:0
[232396833ms] [ERROR] Failed to load resource: the server responded with a status of 500 () @ https://stolenwatermedia.com/wp-json/swm-worldcup/v1/chat?limit=100&since=2026-06-14%2016%3A00%3A24:0
[232406639ms] [ERROR] Failed to load resource: the server responded with a status of 500 () @ https://stolenwatermedia.com/wp-json/swm-worldcup/v1/chat?limit=100&since=2026-06-14%2016%3A00%3A24:0
[232417229ms] [ERROR] Failed to load resource: the server responded with a status of 500 () @ https://stolenwatermedia.com/wp-json/swm-worldcup/v1/chat?limit=100&since=2026-06-14%2016%3A00%3A24:0
[232426643ms] [ERROR] Failed to load resource: the server responded with a status of 500 () @ https://stolenwatermedia.com/wp-json/swm-worldcup/v1/chat?limit=100&since=2026-06-14%2016%3A00%3A24:0
[232436654ms] [ERROR] Failed to load resource: the server responded with a status of 500 () @ https://stolenwatermedia.com/wp-json/swm-worldcup/v1/chat?limit=100&since=2026-06-14%2016%3A00%3A24:0
[232446654ms] [ERROR] Failed to load resource: the server responded with a status of 500 () @ https://stolenwatermedia.com/wp-json/swm-worldcup/v1/chat?limit=100&since=2026-06-14%2016%3A00%3A24:0
[232456658ms] [ERROR] Failed to load resource: the server responded with a status of 500 () @ https://stolenwatermedia.com/wp-json/swm-worldcup/v1/chat?limit=100&since=2026-06-14%2016%3A00%3A24:0
[232466648ms] [ERROR] Failed to load resource: the server responded with a status of 500 () @ https://stolenwatermedia.com/wp-json/swm-worldcup/v1/chat?limit=100&since=2026-06-14%2016%3A00%3A24:0
[232476653ms] [ERROR] Failed to load resource: the server responded with a status of 500 () @ https://stolenwatermedia.com/wp-json/swm-worldcup/v1/chat?limit=100&since=2026-06-14%2016%3A00%3A24:0
[232487304ms] [ERROR] Failed to load resource: the server responded with a status of 500 () @ https://stolenwatermedia.com/wp-json/swm-worldcup/v1/chat?limit=100&since=2026-06-14%2016%3A00%3A24:0
[232496647ms] [ERROR] Failed to load resource: the server responded with a status of 500 () @ https://stolenwatermedia.com/wp-json/swm-worldcup/v1/chat?limit=100&since=2026-06-14%2016%3A00%3A24:0
[232506647ms] [ERROR] Failed to load resource: the server responded with a status of 500 () @ https://stolenwatermedia.com/wp-json/swm-worldcup/v1/chat?limit=100&since=2026-06-14%2016%3A00%3A24:0
[232516662ms] [ERROR] Failed to load resource: the server responded with a status of 500 () @ https://stolenwatermedia.com/wp-json/swm-worldcup/v1/chat?limit=100&since=2026-06-14%2016%3A00%3A24:0
[232526658ms] [ERROR] Failed to load resource: the server responded with a status of 500 () @ https://stolenwatermedia.com/wp-json/swm-worldcup/v1/chat?limit=100&since=2026-06-14%2016%3A00%3A24:0
[232536658ms] [ERROR] Failed to load resource: the server responded with a status of 500 () @ https://stolenwatermedia.com/wp-json/swm-worldcup/v1/chat?limit=100&since=2026-06-14%2016%3A00%3A24:0
[232547368ms] [ERROR] Failed to load resource: the server responded with a status of 500 () @ https://stolenwatermedia.com/wp-json/swm-worldcup/v1/chat?limit=100&since=2026-06-14%2016%3A00%3A24:0
[232556636ms] [ERROR] Failed to load resource: the server responded with a status of 500 () @ https://stolenwatermedia.com/wp-json/swm-worldcup/v1/chat?limit=100&since=2026-06-14%2016%3A00%3A24:0
[232566644ms] [ERROR] Failed to load resource: the server responded with a status of 500 () @ https://stolenwatermedia.com/wp-json/swm-worldcup/v1/chat?limit=100&since=2026-06-14%2016%3A00%3A24:0
[232576639ms] [ERROR] Failed to load resource: the server responded with a status of 500 () @ https://stolenwatermedia.com/wp-json/swm-worldcup/v1/chat?limit=100&since=2026-06-14%2016%3A00%3A24:0
[232586634ms] [ERROR] Failed to load resource: the server responded with a status of 500 () @ https://stolenwatermedia.com/wp-json/swm-worldcup/v1/chat?limit=100&since=2026-06-14%2016%3A00%3A24:0
[232596636ms] [ERROR] Failed to load resource: the server responded with a status of 500 () @ https://stolenwatermedia.com/wp-json/swm-worldcup/v1/chat?limit=100&since=2026-06-14%2016%3A00%3A24:0
[232606638ms] [ERROR] Failed to load resource: the server responded with a status of 500 () @ https://stolenwatermedia.com/wp-json/swm-worldcup/v1/chat?limit=100&since=2026-06-14%2016%3A00%3A24:0
[232617439ms] [ERROR] Failed to load resource: the server responded with a status of 500 () @ https://stolenwatermedia.com/wp-json/swm-worldcup/v1/chat?limit=100&since=2026-06-14%2016%3A00%3A24:0
[232626639ms] [ERROR] Failed to load resource: the server responded with a status of 500 () @ https://stolenwatermedia.com/wp-json/swm-worldcup/v1/chat?limit=100&since=2026-06-14%2016%3A00%3A24:0
[232636640ms] [ERROR] Failed to load resource: the server responded with a status of 500 () @ https://stolenwatermedia.com/wp-json/swm-worldcup/v1/chat?limit=100&since=2026-06-14%2016%3A00%3A24:0
[232646640ms] [ERROR] Failed to load resource: the server responded with a status of 500 () @ https://stolenwatermedia.com/wp-json/swm-worldcup/v1/chat?limit=100&since=2026-06-14%2016%3A00%3A24:0
[232656637ms] [ERROR] Failed to load resource: the server responded with a status of 500 () @ https://stolenwatermedia.com/wp-json/swm-worldcup/v1/chat?limit=100&since=2026-06-14%2016%3A00%3A24:0
[232666641ms] [ERROR] Failed to load resource: the server responded with a status of 500 () @ https://stolenwatermedia.com/wp-json/swm-worldcup/v1/chat?limit=100&since=2026-06-14%2016%3A00%3A24:0
[232676642ms] [ERROR] Failed to load resource: the server responded with a status of 500 () @ https://stolenwatermedia.com/wp-json/swm-worldcup/v1/chat?limit=100&since=2026-06-14%2016%3A00%3A24:0
[232687505ms] [ERROR] Failed to load resource: the server responded with a status of 500 () @ https://stolenwatermedia.com/wp-json/swm-worldcup/v1/chat?limit=100&since=2026-06-14%2016%3A00%3A24:0
[232697204ms] [ERROR] Failed to load resource: the server responded with a status of 500 () @ https://stolenwatermedia.com/wp-json/swm-worldcup/v1/chat?limit=100&since=2026-06-14%2016%3A00%3A24:0
[232706893ms] [ERROR] Failed to load resource: the server responded with a status of 500 () @ https://stolenwatermedia.com/wp-json/swm-worldcup/v1/chat?limit=100&since=2026-06-14%2016%3A00%3A24:0
[232716690ms] [ERROR] Failed to load resource: the server responded with a status of 500 () @ https://stolenwatermedia.com/wp-json/swm-worldcup/v1/chat?limit=100&since=2026-06-14%2016%3A00%3A24:0
[232726641ms] [ERROR] Failed to load resource: the server responded with a status of 500 () @ https://stolenwatermedia.com/wp-json/swm-worldcup/v1/chat?limit=100&since=2026-06-14%2016%3A00%3A24:0
[232736652ms] [ERROR] Failed to load resource: the server responded with a status of 500 () @ https://stolenwatermedia.com/wp-json/swm-worldcup/v1/chat?limit=100&since=2026-06-14%2016%3A00%3A24:0
[232747625ms] [ERROR] Failed to load resource: the server responded with a status of 500 () @ https://stolenwatermedia.com/wp-json/swm-worldcup/v1/chat?limit=100&since=2026-06-14%2016%3A00%3A24:0
[232756845ms] [ERROR] Failed to load resource: the server responded with a status of 500 () @ https://stolenwatermedia.com/wp-json/swm-worldcup/v1/chat?limit=100&since=2026-06-14%2016%3A00%3A24:0
[232766779ms] [ERROR] Failed to load resource: the server responded with a status of 500 () @ https://stolenwatermedia.com/wp-json/swm-worldcup/v1/chat?limit=100&since=2026-06-14%2016%3A00%3A24:0
[232776682ms] [ERROR] Failed to load resource: the server responded with a status of 500 () @ https://stolenwatermedia.com/wp-json/swm-worldcup/v1/chat?limit=100&since=2026-06-14%2016%3A00%3A24:0
[232786650ms] [ERROR] Failed to load resource: the server responded with a status of 500 () @ https://stolenwatermedia.com/wp-json/swm-worldcup/v1/chat?limit=100&since=2026-06-14%2016%3A00%3A24:0
[232796663ms] [ERROR] Failed to load resource: the server responded with a status of 500 () @ https://stolenwatermedia.com/wp-json/swm-worldcup/v1/chat?limit=100&since=2026-06-14%2016%3A00%3A24:0
[232806690ms] [ERROR] Failed to load resource: the server responded with a status of 500 () @ https://stolenwatermedia.com/wp-json/swm-worldcup/v1/chat?limit=100&since=2026-06-14%2016%3A00%3A24:0
[232816674ms] [ERROR] Failed to load resource: the server responded with a status of 500 () @ https://stolenwatermedia.com/wp-json/swm-worldcup/v1/chat?limit=100&since=2026-06-14%2016%3A00%3A24:0
[232826657ms] [ERROR] Failed to load resource: the server responded with a status of 500 () @ https://stolenwatermedia.com/wp-json/swm-worldcup/v1/chat?limit=100&since=2026-06-14%2016%3A00%3A24:0
[232836649ms] [ERROR] Failed to load resource: the server responded with a status of 500 () @ https://stolenwatermedia.com/wp-json/swm-worldcup/v1/chat?limit=100&since=2026-06-14%2016%3A00%3A24:0
[232846637ms] [ERROR] Failed to load resource: the server responded with a status of 500 () @ https://stolenwatermedia.com/wp-json/swm-worldcup/v1/chat?limit=100&since=2026-06-14%2016%3A00%3A24:0
[232856639ms] [ERROR] Failed to load resource: the server responded with a status of 500 () @ https://stolenwatermedia.com/wp-json/swm-worldcup/v1/chat?limit=100&since=2026-06-14%2016%3A00%3A24:0
[232866720ms] [ERROR] Failed to load resource: the server responded with a status of 500 () @ https://stolenwatermedia.com/wp-json/swm-worldcup/v1/chat?limit=100&since=2026-06-14%2016%3A00%3A24:0
[232876637ms] [ERROR] Failed to load resource: the server responded with a status of 500 () @ https://stolenwatermedia.com/wp-json/swm-worldcup/v1/chat?limit=100&since=2026-06-14%2016%3A00%3A24:0
[232886651ms] [ERROR] Failed to load resource: the server responded with a status of 500 () @ https://stolenwatermedia.com/wp-json/swm-worldcup/v1/chat?limit=100&since=2026-06-14%2016%3A00%3A24:0
[232896655ms] [ERROR] Failed to load resource: the server responded with a status of 500 () @ https://stolenwatermedia.com/wp-json/swm-worldcup/v1/chat?limit=100&since=2026-06-14%2016%3A00%3A24:0
[232906630ms] [ERROR] Failed to load resource: the server responded with a status of 500 () @ https://stolenwatermedia.com/wp-json/swm-worldcup/v1/chat?limit=100&since=2026-06-14%2016%3A00%3A24:0
[232916640ms] [ERROR] Failed to load resource: the server responded with a status of 500 () @ https://stolenwatermedia.com/wp-json/swm-worldcup/v1/chat?limit=100&since=2026-06-14%2016%3A00%3A24:0
[232926636ms] [ERROR] Failed to load resource: the server responded with a status of 500 () @ https://stolenwatermedia.com/wp-json/swm-worldcup/v1/chat?limit=100&since=2026-06-14%2016%3A00%3A24:0
[232936795ms] [ERROR] Failed to load resource: the server responded with a status of 500 () @ https://stolenwatermedia.com/wp-json/swm-worldcup/v1/chat?limit=100&since=2026-06-14%2016%3A00%3A24:0
[232946637ms] [ERROR] Failed to load resource: the server responded with a status of 500 () @ https://stolenwatermedia.com/wp-json/swm-worldcup/v1/chat?limit=100&since=2026-06-14%2016%3A00%3A24:0
[232956653ms] [ERROR] Failed to load resource: the server responded with a status of 500 () @ https://stolenwatermedia.com/wp-json/swm-worldcup/v1/chat?limit=100&since=2026-06-14%2016%3A00%3A24:0
[232966636ms] [ERROR] Failed to load resource: the server responded with a status of 500 () @ https://stolenwatermedia.com/wp-json/swm-worldcup/v1/chat?limit=100&since=2026-06-14%2016%3A00%3A24:0
[232976637ms] [ERROR] Failed to load resource: the server responded with a status of 500 () @ https://stolenwatermedia.com/wp-json/swm-worldcup/v1/chat?limit=100&since=2026-06-14%2016%3A00%3A24:0
[232986636ms] [ERROR] Failed to load resource: the server responded with a status of 500 () @ https://stolenwatermedia.com/wp-json/swm-worldcup/v1/chat?limit=100&since=2026-06-14%2016%3A00%3A24:0
[232997192ms] [ERROR] Failed to load resource: the server responded with a status of 500 () @ https://stolenwatermedia.com/wp-json/swm-worldcup/v1/chat?limit=100&since=2026-06-14%2016%3A00%3A24:0
[233006638ms] [ERROR] Failed to load resource: the server responded with a status of 500 () @ https://stolenwatermedia.com/wp-json/swm-worldcup/v1/chat?limit=100&since=2026-06-14%2016%3A00%3A24:0
[233016638ms] [ERROR] Failed to load resource: the server responded with a status of 500 () @ https://stolenwatermedia.com/wp-json/swm-worldcup/v1/chat?limit=100&since=2026-06-14%2016%3A00%3A24:0
[233026633ms] [ERROR] Failed to load resource: the server responded with a status of 500 () @ https://stolenwatermedia.com/wp-json/swm-worldcup/v1/chat?limit=100&since=2026-06-14%2016%3A00%3A24:0
[233036648ms] [ERROR] Failed to load resource: the server responded with a status of 500 () @ https://stolenwatermedia.com/wp-json/swm-worldcup/v1/chat?limit=100&since=2026-06-14%2016%3A00%3A24:0
[233046636ms] [ERROR] Failed to load resource: the server responded with a status of 500 () @ https://stolenwatermedia.com/wp-json/swm-worldcup/v1/chat?limit=100&since=2026-06-14%2016%3A00%3A24:0
[233056642ms] [ERROR] Failed to load resource: the server responded with a status of 500 () @ https://stolenwatermedia.com/wp-json/swm-worldcup/v1/chat?limit=100&since=2026-06-14%2016%3A00%3A24:0
[233066931ms] [ERROR] Failed to load resource: the server responded with a status of 500 () @ https://stolenwatermedia.com/wp-json/swm-worldcup/v1/chat?limit=100&since=2026-06-14%2016%3A00%3A24:0
[233076656ms] [ERROR] Failed to load resource: the server responded with a status of 500 () @ https://stolenwatermedia.com/wp-json/swm-worldcup/v1/chat?limit=100&since=2026-06-14%2016%3A00%3A24:0
[233086656ms] [ERROR] Failed to load resource: the server responded with a status of 500 () @ https://stolenwatermedia.com/wp-json/swm-worldcup/v1/chat?limit=100&since=2026-06-14%2016%3A00%3A24:0
[233096638ms] [ERROR] Failed to load resource: the server responded with a status of 500 () @ https://stolenwatermedia.com/wp-json/swm-worldcup/v1/chat?limit=100&since=2026-06-14%2016%3A00%3A24:0
[233106638ms] [ERROR] Failed to load resource: the server responded with a status of 500 () @ https://stolenwatermedia.com/wp-json/swm-worldcup/v1/chat?limit=100&since=2026-06-14%2016%3A00%3A24:0
[233116651ms] [ERROR] Failed to load resource: the server responded with a status of 500 () @ https://stolenwatermedia.com/wp-json/swm-worldcup/v1/chat?limit=100&since=2026-06-14%2016%3A00%3A24:0
[233126646ms] [ERROR] Failed to load resource: the server responded with a status of 500 () @ https://stolenwatermedia.com/wp-json/swm-worldcup/v1/chat?limit=100&since=2026-06-14%2016%3A00%3A24:0
[233136633ms] [ERROR] Failed to load resource: the server responded with a status of 500 () @ https://stolenwatermedia.com/wp-json/swm-worldcup/v1/chat?limit=100&since=2026-06-14%2016%3A00%3A24:0
[233146636ms] [ERROR] Failed to load resource: the server responded with a status of 500 () @ https://stolenwatermedia.com/wp-json/swm-worldcup/v1/chat?limit=100&since=2026-06-14%2016%3A00%3A24:0
[233156629ms] [ERROR] Failed to load resource: the server responded with a status of 500 () @ https://stolenwatermedia.com/wp-json/swm-worldcup/v1/chat?limit=100&since=2026-06-14%2016%3A00%3A24:0
[233166637ms] [ERROR] Failed to load resource: the server responded with a status of 500 () @ https://stolenwatermedia.com/wp-json/swm-worldcup/v1/chat?limit=100&since=2026-06-14%2016%3A00%3A24:0
